<?xml version="1.0" encoding="UTF-8"?>
<testsuite xmlns:xsi="http://www.w3.org/2001/XMLSchema-instance" xsi:noNamespaceSchemaLocation="https://maven.apache.org/surefire/maven-surefire-plugin/xsd/surefire-test-report-3.0.xsd" version="3.0" name="com.gocomet.assignment.TestRunner" time="44.304" tests="1" errors="0" skipped="0" failures="0">
  <properties>
[...]
</properties>
  <testcase name="Search and scrape Apple iPhone 16 Pro products" classname="CaseKaro Product Search" time="44.109">
    <system-out><![CDATA[
Scenario: Search and scrape Apple iPhone 16 Pro products &amp#27;[90m# features/casekaro.feature:3&amp#27;[0m
  &amp#27;[32mGiven &amp#27;[0m&amp#27;[32mI launch the browser&amp#27;[0m                             &amp#27;[90m# com.gocomet.assignment.CaseKaroSteps.launchBrowser()&amp#27;[0m
  &amp#27;[32mWhen &amp#27;[0m&amp#27;[32mI navigate to the CaseKaro website&amp#27;[0m                &amp#27;[90m# com.gocomet.assignment.CaseKaroSteps.navigateToWebsite()&amp#27;[0m
  &amp#27;[32mAnd &amp#27;[0m&amp#27;[32mI click on Mobile Covers&amp#27;[0m                           &amp#27;[90m# com.gocomet.assignment.CaseKaroSteps.clickMobileCovers()&amp#27;[0m
  &amp#27;[32mAnd &amp#27;[0m&amp#27;[32mI search for &amp#27;[0m&amp#27;[32m&amp#27;[1m"Apple"&amp#27;[0m                               &amp#27;[90m# com.gocomet.assignment.CaseKaroSteps.searchFor(java.lang.String)&amp#27;[0m
  &amp#27;[32mThen &amp#27;[0m&amp#27;[32mI should not see banned brands&amp#27;[0m                    &amp#27;[90m# com.gocomet.assignment.CaseKaroSteps.validateBannedBrands()&amp#27;[0m
  &amp#27;[32mAnd &amp#27;[0m&amp#27;[32mI click on the Apple brand&amp#27;[0m                         &amp#27;[90m# com.gocomet.assignment.CaseKaroSteps.clickAppleBrand()&amp#27;[0m
  &amp#27;[32mAnd &amp#27;[0m&amp#27;[32mI select iPhone 16 Pro&amp#27;[0m                             &amp#27;[90m# com.gocomet.assignment.CaseKaroSteps.selectiPhone16Pro()&amp#27;[0m
  &amp#27;[32mAnd &amp#27;[0m&amp#27;[32mI apply In Stock filter&amp#27;[0m                            &amp#27;[90m# com.gocomet.assignment.CaseKaroSteps.applyInStockFilter()&amp#27;[0m
✅ Saved results to products.csv
  &amp#27;[32mThen &amp#27;[0m&amp#27;[32mI scrape products and save to CSV&amp#27;[0m                 &amp#27;[90m# com.gocomet.assignment.CaseKaroSteps.scrapeAndSaveProducts()&amp#27;[0m
]]></system-out>
  </testcase>
</testsuite>